# JRE version: OpenJDK Runtime Environment Temurin-21.0.9+10 (21.0.9+10) (build 21.0.9+10-LTS)
# Java VM: OpenJDK 64-Bit Server VM Temurin-21.0.9+10 (21.0.9+10-LTS, mixed mode, sharing, tiered, compressed oops, compressed class ptrs, parallel gc, windows-amd64)
GC Precious Log:
 CardTable entry size: 512
 CPUs: 12 total, 12 available
 Memory: 15755M
 Large Page Support: Disabled
 NUMA Support: Disabled
 Compressed Oops: Enabled (Zero based)
 Alignments: Space 512K, Generation 512K, Heap 2M
 Heap Min Capacity: 100M
 Heap Initial Capacity: 100M
 Heap Max Capacity: 4G
 Pre-touch: Disabled
 Parallel Workers: 10
Heap:
 PSYoungGen      total 27136K, used 16014K [0x00000007aab00000, 0x00000007aca00000, 0x0000000800000000)
  eden space 23552K, 53% used [0x00000007aab00000,0x00000007ab73a6b8,0x00000007ac200000)
  from space 3584K, 97% used [0x00000007ac280000,0x00000007ac5e9218,0x00000007ac600000)
  to   space 4096K, 0% used [0x00000007ac600000,0x00000007ac600000,0x00000007aca00000)
 ParOldGen       total 68608K, used 14437K [0x0000000700000000, 0x0000000704300000, 0x00000007aab00000)
  object space 68608K, 21% used [0x0000000700000000,0x0000000700e194d8,0x0000000704300000)
 Metaspace       used 30892K, committed 31744K, reserved 1114112K
  class space    used 3114K, committed 3520K, reserved 1048576K
GC Heap History (20 events):
Event: 1.621 GC heap before
{Heap before GC invocations=1 (full 0):
 PSYoungGen      total 29696K, used 25600K [0x00000007aab00000, 0x00000007acc00000, 0x0000000800000000)
  eden space 25600K, 100% used [0x00000007aab00000,0x00000007ac400000,0x00000007ac400000)
  from space 4096K, 0% used [0x00000007ac800000,0x00000007ac800000,0x00000007acc00000)
  to   space 4096K, 0% used [0x00000007ac400000,0x00000007ac400000,0x00000007ac800000)
 ParOldGen       total 68608K, used 0K [0x0000000700000000, 0x0000000704300000, 0x00000007aab00000)
  object space 68608K, 0% used [0x0000000700000000,0x0000000700000000,0x0000000704300000)
 Metaspace       used 4344K, committed 4608K, reserved 1114112K
  class space    used 473K, committed 576K, reserved 1048576K
}
Event: 1.657 GC heap after
{Heap after GC invocations=1 (full 0):
 PSYoungGen      total 29696K, used 3280K [0x00000007aab00000, 0x00000007acc00000, 0x0000000800000000)
  eden space 25600K, 0% used [0x00000007aab00000,0x00000007aab00000,0x00000007ac400000)
  from space 4096K, 80% used [0x00000007ac400000,0x00000007ac734148,0x00000007ac800000)
  to   space 4096K, 0% used [0x00000007ac800000,0x00000007ac800000,0x00000007acc00000)
 ParOldGen       total 68608K, used 16K [0x0000000700000000, 0x0000000704300000, 0x00000007aab00000)
  object space 68608K, 0% used [0x0000000700000000,0x0000000700004000,0x0000000704300000)
 Metaspace       used 4344K, committed 4608K, reserved 1114112K
  class space    used 473K, committed 576K, reserved 1048576K
}
Event: 2.989 GC heap before
{Heap before GC invocations=2 (full 0):
 PSYoungGen      total 29696K, used 28880K [0x00000007aab00000, 0x00000007acc00000, 0x0000000800000000)
  eden space 25600K, 100% used [0x00000007aab00000,0x00000007ac400000,0x00000007ac400000)
  from space 4096K, 80% used [0x00000007ac400000,0x00000007ac734148,0x00000007ac800000)
  to   space 4096K, 0% used [0x00000007ac800000,0x00000007ac800000,0x00000007acc00000)
 ParOldGen       total 68608K, used 16K [0x0000000700000000, 0x0000000704300000, 0x00000007aab00000)
  object space 68608K, 0% used [0x0000000700000000,0x0000000700004000,0x0000000704300000)
 Metaspace       used 8233K, committed 8512K, reserved 1114112K
  class space    used 880K, committed 1024K, reserved 1048576K
}
Event: 2.996 GC heap after
{Heap after GC invocations=2 (full 0):
 PSYoungGen      total 29696K, used 4066K [0x00000007aab00000, 0x00000007acc00000, 0x0000000800000000)
  eden space 25600K, 0% used [0x00000007aab00000,0x00000007aab00000,0x00000007ac400000)
  from space 4096K, 99% used [0x00000007ac800000,0x00000007acbf8af8,0x00000007acc00000)
  to   space 4096K, 0% used [0x00000007ac400000,0x00000007ac400000,0x00000007ac800000)
 ParOldGen       total 68608K, used 943K [0x0000000700000000, 0x0000000704300000, 0x00000007aab00000)
  object space 68608K, 1% used [0x0000000700000000,0x00000007000ebeb8,0x0000000704300000)
 Metaspace       used 8233K, committed 8512K, reserved 1114112K
  class space    used 880K, committed 1024K, reserved 1048576K
}
Event: 4.211 GC heap before
{Heap before GC invocations=3 (full 0):
 PSYoungGen      total 29696K, used 29620K [0x00000007aab00000, 0x00000007acc00000, 0x0000000800000000)
  eden space 25600K, 99% used [0x00000007aab00000,0x00000007ac3f48c0,0x00000007ac400000)
  from space 4096K, 99% used [0x00000007ac800000,0x00000007acbf8af8,0x00000007acc00000)
  to   space 4096K, 0% used [0x00000007ac400000,0x00000007ac400000,0x00000007ac800000)
 ParOldGen       total 68608K, used 943K [0x0000000700000000, 0x0000000704300000, 0x00000007aab00000)
  object space 68608K, 1% used [0x0000000700000000,0x00000007000ebeb8,0x0000000704300000)
 Metaspace       used 13070K, committed 13696K, reserved 1114112K
  class space    used 1387K, committed 1664K, reserved 1048576K
}
Event: 4.217 GC heap after
{Heap after GC invocations=3 (full 0):
 PSYoungGen      total 29696K, used 4064K [0x00000007aab00000, 0x00000007acc00000, 0x0000000800000000)
  eden space 25600K, 0% used [0x00000007aab00000,0x00000007aab00000,0x00000007ac400000)
  from space 4096K, 99% used [0x00000007ac400000,0x00000007ac7f82b8,0x00000007ac800000)
  to   space 4096K, 0% used [0x00000007ac800000,0x00000007ac800000,0x00000007acc00000)
 ParOldGen       total 68608K, used 2802K [0x0000000700000000, 0x0000000704300000, 0x00000007aab00000)
  object space 68608K, 4% used [0x0000000700000000,0x00000007002bca60,0x0000000704300000)
 Metaspace       used 13070K, committed 13696K, reserved 1114112K
  class space    used 1387K, committed 1664K, reserved 1048576K
}
Event: 5.289 GC heap before
{Heap before GC invocations=4 (full 0):
 PSYoungGen      total 29696K, used 29664K [0x00000007aab00000, 0x00000007acc00000, 0x0000000800000000)
  eden space 25600K, 100% used [0x00000007aab00000,0x00000007ac400000,0x00000007ac400000)
  from space 4096K, 99% used [0x00000007ac400000,0x00000007ac7f82b8,0x00000007ac800000)
  to   space 4096K, 0% used [0x00000007ac800000,0x00000007ac800000,0x00000007acc00000)
 ParOldGen       total 68608K, used 2802K [0x0000000700000000, 0x0000000704300000, 0x00000007aab00000)
  object space 68608K, 4% used [0x0000000700000000,0x00000007002bca60,0x0000000704300000)
 Metaspace       used 15720K, committed 16384K, reserved 1114112K
  class space    used 1671K, committed 1984K, reserved 1048576K
}
Event: 5.305 GC heap after
{Heap after GC invocations=4 (full 0):
 PSYoungGen      total 29696K, used 4074K [0x00000007aab00000, 0x00000007acc00000, 0x0000000800000000)
  eden space 25600K, 0% used [0x00000007aab00000,0x00000007aab00000,0x00000007ac400000)
  from space 4096K, 99% used [0x00000007ac800000,0x00000007acbfab30,0x00000007acc00000)
  to   space 4096K, 0% used [0x00000007ac400000,0x00000007ac400000,0x00000007ac800000)
 ParOldGen       total 68608K, used 7730K [0x0000000700000000, 0x0000000704300000, 0x00000007aab00000)
  object space 68608K, 11% used [0x0000000700000000,0x000000070078c8a0,0x0000000704300000)
 Metaspace       used 15720K, committed 16384K, reserved 1114112K
  class space    used 1671K, committed 1984K, reserved 1048576K
}
Event: 6.018 GC heap before
{Heap before GC invocations=5 (full 0):
 PSYoungGen      total 29696K, used 29674K [0x00000007aab00000, 0x00000007acc00000, 0x0000000800000000)
  eden space 25600K, 100% used [0x00000007aab00000,0x00000007ac400000,0x00000007ac400000)
  from space 4096K, 99% used [0x00000007ac800000,0x00000007acbfab30,0x00000007acc00000)
  to   space 4096K, 0% used [0x00000007ac400000,0x00000007ac400000,0x00000007ac800000)
 ParOldGen       total 68608K, used 7730K [0x0000000700000000, 0x0000000704300000, 0x00000007aab00000)
  object space 68608K, 11% used [0x0000000700000000,0x000000070078c8a0,0x0000000704300000)
 Metaspace       used 18909K, committed 19648K, reserved 1114112K
  class space    used 1897K, committed 2240K, reserved 1048576K
}
Event: 6.024 GC heap after
{Heap after GC invocations=5 (full 0):
 PSYoungGen      total 29184K, used 4087K [0x00000007aab00000, 0x00000007ad080000, 0x0000000800000000)
  eden space 25088K, 0% used [0x00000007aab00000,0x00000007aab00000,0x00000007ac380000)
  from space 4096K, 99% used [0x00000007ac400000,0x00000007ac7fdf88,0x00000007ac800000)
  to   space 6656K, 0% used [0x00000007aca00000,0x00000007aca00000,0x00000007ad080000)
 ParOldGen       total 68608K, used 8298K [0x0000000700000000, 0x0000000704300000, 0x00000007aab00000)
  object space 68608K, 12% used [0x0000000700000000,0x000000070081a8c0,0x0000000704300000)
 Metaspace       used 18909K, committed 19648K, reserved 1114112K
  class space    used 1897K, committed 2240K, reserved 1048576K
}
Event: 6.401 GC heap before
{Heap before GC invocations=6 (full 0):
 PSYoungGen      total 29184K, used 18760K [0x00000007aab00000, 0x00000007ad080000, 0x0000000800000000)
  eden space 25088K, 58% used [0x00000007aab00000,0x00000007ab954248,0x00000007ac380000)
  from space 4096K, 99% used [0x00000007ac400000,0x00000007ac7fdf88,0x00000007ac800000)
  to   space 6656K, 0% used [0x00000007aca00000,0x00000007aca00000,0x00000007ad080000)
 ParOldGen       total 68608K, used 8298K [0x0000000700000000, 0x0000000704300000, 0x00000007aab00000)
  object space 68608K, 12% used [0x0000000700000000,0x000000070081a8c0,0x0000000704300000)
 Metaspace       used 20833K, committed 21504K, reserved 1114112K
  class space    used 2071K, committed 2368K, reserved 1048576K
}
Event: 6.413 GC heap after
{Heap after GC invocations=6 (full 0):
 PSYoungGen      total 30208K, used 4908K [0x00000007aab00000, 0x00000007acf00000, 0x0000000800000000)
  eden space 25088K, 0% used [0x00000007aab00000,0x00000007aab00000,0x00000007ac380000)
  from space 5120K, 95% used [0x00000007aca00000,0x00000007acecb158,0x00000007acf00000)
  to   space 5120K, 0% used [0x00000007ac500000,0x00000007ac500000,0x00000007aca00000)
 ParOldGen       total 68608K, used 8306K [0x0000000700000000, 0x0000000704300000, 0x00000007aab00000)
  object space 68608K, 12% used [0x0000000700000000,0x000000070081c8c0,0x0000000704300000)
 Metaspace       used 20833K, committed 21504K, reserved 1114112K
  class space    used 2071K, committed 2368K, reserved 1048576K
}
Event: 6.413 GC heap before
{Heap before GC invocations=7 (full 1):
 PSYoungGen      total 30208K, used 4908K [0x00000007aab00000, 0x00000007acf00000, 0x0000000800000000)
  eden space 25088K, 0% used [0x00000007aab00000,0x00000007aab00000,0x00000007ac380000)
  from space 5120K, 95% used [0x00000007aca00000,0x00000007acecb158,0x00000007acf00000)
  to   space 5120K, 0% used [0x00000007ac500000,0x00000007ac500000,0x00000007aca00000)
 ParOldGen       total 68608K, used 8306K [0x0000000700000000, 0x0000000704300000, 0x00000007aab00000)
  object space 68608K, 12% used [0x0000000700000000,0x000000070081c8c0,0x0000000704300000)
 Metaspace       used 20833K, committed 21504K, reserved 1114112K
  class space    used 2071K, committed 2368K, reserved 1048576K
}
Event: 6.462 GC heap after
{Heap after GC invocations=7 (full 1):
 PSYoungGen      total 30208K, used 0K [0x00000007aab00000, 0x00000007acf00000, 0x0000000800000000)
  eden space 25088K, 0% used [0x00000007aab00000,0x00000007aab00000,0x00000007ac380000)
  from space 5120K, 0% used [0x00000007aca00000,0x00000007aca00000,0x00000007acf00000)
  to   space 5120K, 0% used [0x00000007ac500000,0x00000007ac500000,0x00000007aca00000)
 ParOldGen       total 68608K, used 12540K [0x0000000700000000, 0x0000000704300000, 0x00000007aab00000)
  object space 68608K, 18% used [0x0000000700000000,0x0000000700c3f2b8,0x0000000704300000)
 Metaspace       used 20820K, committed 21504K, reserved 1114112K
  class space    used 2067K, committed 2368K, reserved 1048576K
}
Event: 7.339 GC heap before
{Heap before GC invocations=8 (full 1):
 PSYoungGen      total 30208K, used 25088K [0x00000007aab00000, 0x00000007acf00000, 0x0000000800000000)
  eden space 25088K, 100% used [0x00000007aab00000,0x00000007ac380000,0x00000007ac380000)
  from space 5120K, 0% used [0x00000007aca00000,0x00000007aca00000,0x00000007acf00000)
  to   space 5120K, 0% used [0x00000007ac500000,0x00000007ac500000,0x00000007aca00000)
 ParOldGen       total 68608K, used 12540K [0x0000000700000000, 0x0000000704300000, 0x00000007aab00000)
  object space 68608K, 18% used [0x0000000700000000,0x0000000700c3f2b8,0x0000000704300000)
 Metaspace       used 23161K, committed 23872K, reserved 1114112K
  class space    used 2250K, committed 2560K, reserved 1048576K
}
Event: 7.344 GC heap after
{Heap after GC invocations=8 (full 1):
 PSYoungGen      total 27648K, used 2713K [0x00000007aab00000, 0x00000007aca80000, 0x0000000800000000)
  eden space 24576K, 0% used [0x00000007aab00000,0x00000007aab00000,0x00000007ac300000)
  from space 3072K, 88% used [0x00000007ac500000,0x00000007ac7a6720,0x00000007ac800000)
  to   space 2560K, 0% used [0x00000007ac800000,0x00000007ac800000,0x00000007aca80000)
 ParOldGen       total 68608K, used 12548K [0x0000000700000000, 0x0000000704300000, 0x00000007aab00000)
  object space 68608K, 18% used [0x0000000700000000,0x0000000700c412b8,0x0000000704300000)
 Metaspace       used 23161K, committed 23872K, reserved 1114112K
  class space    used 2250K, committed 2560K, reserved 1048576K
}
Event: 8.650 GC heap before
{Heap before GC invocations=9 (full 1):
 PSYoungGen      total 27648K, used 27289K [0x00000007aab00000, 0x00000007aca80000, 0x0000000800000000)
  eden space 24576K, 100% used [0x00000007aab00000,0x00000007ac300000,0x00000007ac300000)
  from space 3072K, 88% used [0x00000007ac500000,0x00000007ac7a6720,0x00000007ac800000)
  to   space 2560K, 0% used [0x00000007ac800000,0x00000007ac800000,0x00000007aca80000)
 ParOldGen       total 68608K, used 12548K [0x0000000700000000, 0x0000000704300000, 0x00000007aab00000)
  object space 68608K, 18% used [0x0000000700000000,0x0000000700c412b8,0x0000000704300000)
 Metaspace       used 26568K, committed 27392K, reserved 1114112K
  class space    used 2616K, committed 3008K, reserved 1048576K
}
Event: 8.660 GC heap after
{Heap after GC invocations=9 (full 1):
 PSYoungGen      total 26624K, used 2529K [0x00000007aab00000, 0x00000007acc80000, 0x0000000800000000)
  eden space 24064K, 0% used [0x00000007aab00000,0x00000007aab00000,0x00000007ac280000)
  from space 2560K, 98% used [0x00000007ac800000,0x00000007aca78710,0x00000007aca80000)
  to   space 5120K, 0% used [0x00000007ac280000,0x00000007ac280000,0x00000007ac780000)
 ParOldGen       total 68608K, used 14429K [0x0000000700000000, 0x0000000704300000, 0x00000007aab00000)
  object space 68608K, 21% used [0x0000000700000000,0x0000000700e174d8,0x0000000704300000)
 Metaspace       used 26568K, committed 27392K, reserved 1114112K
  class space    used 2616K, committed 3008K, reserved 1048576K
}
Event: 10.472 GC heap before
{Heap before GC invocations=10 (full 1):
 PSYoungGen      total 26624K, used 26593K [0x00000007aab00000, 0x00000007acc80000, 0x0000000800000000)
  eden space 24064K, 100% used [0x00000007aab00000,0x00000007ac280000,0x00000007ac280000)
  from space 2560K, 98% used [0x00000007ac800000,0x00000007aca78710,0x00000007aca80000)
  to   space 5120K, 0% used [0x00000007ac280000,0x00000007ac280000,0x00000007ac780000)
 ParOldGen       total 68608K, used 14429K [0x0000000700000000, 0x0000000704300000, 0x00000007aab00000)
  object space 68608K, 21% used [0x0000000700000000,0x0000000700e174d8,0x0000000704300000)
 Metaspace       used 29866K, committed 30784K, reserved 1114112K
  class space    used 2993K, committed 3392K, reserved 1048576K
}
Event: 10.478 GC heap after
{Heap after GC invocations=10 (full 1):
 PSYoungGen      total 27136K, used 3492K [0x00000007aab00000, 0x00000007aca00000, 0x0000000800000000)
  eden space 23552K, 0% used [0x00000007aab00000,0x00000007aab00000,0x00000007ac200000)
  from space 3584K, 97% used [0x00000007ac280000,0x00000007ac5e9218,0x00000007ac600000)
  to   space 4096K, 0% used [0x00000007ac600000,0x00000007ac600000,0x00000007aca00000)
 ParOldGen       total 68608K, used 14437K [0x0000000700000000, 0x0000000704300000, 0x00000007aab00000)
  object space 68608K, 21% used [0x0000000700000000,0x0000000700e194d8,0x0000000704300000)
 Metaspace       used 29866K, committed 30784K, reserved 1114112K
  class space    used 2993K, committed 3392K, reserved 1048576K
}

