# JRE version: OpenJDK Runtime Environment Temurin-21.0.9+10 (21.0.9+10) (build 21.0.9+10-LTS)
# Java VM: OpenJDK 64-Bit Server VM Temurin-21.0.9+10 (21.0.9+10-LTS, mixed mode, sharing, tiered, compressed oops, compressed class ptrs, parallel gc, windows-amd64)
GC Precious Log:
 CardTable entry size: 512
 CPUs: 12 total, 12 available
 Memory: 15755M
 Large Page Support: Disabled
 NUMA Support: Disabled
 Compressed Oops: Enabled (32-bit)
 Alignments: Space 512K, Generation 512K, Heap 2M
 Heap Min Capacity: 100M
 Heap Initial Capacity: 100M
 Heap Max Capacity: 2G
 Pre-touch: Disabled
 Parallel Workers: 10
Heap:
 PSYoungGen      total 9216K, used 6788K [0x00000000d5580000, 0x00000000d6600000, 0x0000000100000000)
  eden space 7168K, 66% used [0x00000000d5580000,0x00000000d5a210e0,0x00000000d5c80000)
  from space 2048K, 100% used [0x00000000d5c80000,0x00000000d5e80000,0x00000000d5e80000)
  to   space 4096K, 0% used [0x00000000d6200000,0x00000000d6200000,0x00000000d6600000)
 ParOldGen       total 1017856K, used 1017617K [0x0000000080000000, 0x00000000be200000, 0x00000000d5580000)
  object space 1017856K, 99% used [0x0000000080000000,0x00000000be1c4488,0x00000000be200000)
 Metaspace       used 99779K, committed 101440K, reserved 1179648K
  class space    used 9542K, committed 10368K, reserved 1048576K
GC Heap History (20 events):
Event: 13142.291 GC heap before
{Heap before GC invocations=18352 (full 47):
 PSYoungGen      total 8704K, used 8240K [0x00000000d5580000, 0x00000000d6200000, 0x0000000100000000)
  eden space 5632K, 100% used [0x00000000d5580000,0x00000000d5b00000,0x00000000d5b00000)
  from space 3072K, 84% used [0x00000000d5b80000,0x00000000d5e0c000,0x00000000d5e80000)
  to   space 3584K, 0% used [0x00000000d5e80000,0x00000000d5e80000,0x00000000d6200000)
 ParOldGen       total 1006080K, used 1005590K [0x0000000080000000, 0x00000000bd680000, 0x00000000d5580000)
  object space 1006080K, 99% used [0x0000000080000000,0x00000000bd605b08,0x00000000bd680000)
 Metaspace       used 99776K, committed 101440K, reserved 1179648K
  class space    used 9542K, committed 10368K, reserved 1048576K
}
Event: 13142.297 GC heap after
{Heap after GC invocations=18352 (full 47):
 PSYoungGen      total 6656K, used 697K [0x00000000d5580000, 0x00000000d5f80000, 0x0000000100000000)
  eden space 5632K, 0% used [0x00000000d5580000,0x00000000d5580000,0x00000000d5b00000)
  from space 1024K, 68% used [0x00000000d5e80000,0x00000000d5f2e410,0x00000000d5f80000)
  to   space 1536K, 0% used [0x00000000d5c80000,0x00000000d5c80000,0x00000000d5e00000)
 ParOldGen       total 1008128K, used 1007966K [0x0000000080000000, 0x00000000bd880000, 0x00000000d5580000)
  object space 1008128K, 99% used [0x0000000080000000,0x00000000bd857b08,0x00000000bd880000)
 Metaspace       used 99776K, committed 101440K, reserved 1179648K
  class space    used 9542K, committed 10368K, reserved 1048576K
}
Event: 13142.309 GC heap before
{Heap before GC invocations=18353 (full 47):
 PSYoungGen      total 6656K, used 6329K [0x00000000d5580000, 0x00000000d5f80000, 0x0000000100000000)
  eden space 5632K, 100% used [0x00000000d5580000,0x00000000d5b00000,0x00000000d5b00000)
  from space 1024K, 68% used [0x00000000d5e80000,0x00000000d5f2e410,0x00000000d5f80000)
  to   space 1536K, 0% used [0x00000000d5c80000,0x00000000d5c80000,0x00000000d5e00000)
 ParOldGen       total 1008128K, used 1007966K [0x0000000080000000, 0x00000000bd880000, 0x00000000d5580000)
  object space 1008128K, 99% used [0x0000000080000000,0x00000000bd857b08,0x00000000bd880000)
 Metaspace       used 99776K, committed 101440K, reserved 1179648K
  class space    used 9542K, committed 10368K, reserved 1048576K
}
Event: 13142.312 GC heap after
{Heap after GC invocations=18353 (full 47):
 PSYoungGen      total 7168K, used 617K [0x00000000d5580000, 0x00000000d5f00000, 0x0000000100000000)
  eden space 5632K, 0% used [0x00000000d5580000,0x00000000d5580000,0x00000000d5b00000)
  from space 1536K, 40% used [0x00000000d5c80000,0x00000000d5d1a400,0x00000000d5e00000)
  to   space 1024K, 0% used [0x00000000d5e00000,0x00000000d5e00000,0x00000000d5f00000)
 ParOldGen       total 1008640K, used 1008526K [0x0000000080000000, 0x00000000bd900000, 0x00000000d5580000)
  object space 1008640K, 99% used [0x0000000080000000,0x00000000bd8e3928,0x00000000bd900000)
 Metaspace       used 99776K, committed 101440K, reserved 1179648K
  class space    used 9542K, committed 10368K, reserved 1048576K
}
Event: 13142.321 GC heap before
{Heap before GC invocations=18354 (full 47):
 PSYoungGen      total 7168K, used 6249K [0x00000000d5580000, 0x00000000d5f00000, 0x0000000100000000)
  eden space 5632K, 100% used [0x00000000d5580000,0x00000000d5b00000,0x00000000d5b00000)
  from space 1536K, 40% used [0x00000000d5c80000,0x00000000d5d1a400,0x00000000d5e00000)
  to   space 1024K, 0% used [0x00000000d5e00000,0x00000000d5e00000,0x00000000d5f00000)
 ParOldGen       total 1008640K, used 1008526K [0x0000000080000000, 0x00000000bd900000, 0x00000000d5580000)
  object space 1008640K, 99% used [0x0000000080000000,0x00000000bd8e3928,0x00000000bd900000)
 Metaspace       used 99776K, committed 101440K, reserved 1179648K
  class space    used 9542K, committed 10368K, reserved 1048576K
}
Event: 13142.325 GC heap after
{Heap after GC invocations=18354 (full 47):
 PSYoungGen      total 6656K, used 1022K [0x00000000d5580000, 0x00000000d6280000, 0x0000000100000000)
  eden space 5632K, 0% used [0x00000000d5580000,0x00000000d5580000,0x00000000d5b00000)
  from space 1024K, 99% used [0x00000000d5e00000,0x00000000d5eff960,0x00000000d5f00000)
  to   space 3072K, 0% used [0x00000000d5b00000,0x00000000d5b00000,0x00000000d5e00000)
 ParOldGen       total 1010176K, used 1009795K [0x0000000080000000, 0x00000000bda80000, 0x00000000d5580000)
  object space 1010176K, 99% used [0x0000000080000000,0x00000000bda20d38,0x00000000bda80000)
 Metaspace       used 99776K, committed 101440K, reserved 1179648K
  class space    used 9542K, committed 10368K, reserved 1048576K
}
Event: 13142.354 GC heap before
{Heap before GC invocations=18355 (full 47):
 PSYoungGen      total 6656K, used 6654K [0x00000000d5580000, 0x00000000d6280000, 0x0000000100000000)
  eden space 5632K, 100% used [0x00000000d5580000,0x00000000d5b00000,0x00000000d5b00000)
  from space 1024K, 99% used [0x00000000d5e00000,0x00000000d5eff960,0x00000000d5f00000)
  to   space 3072K, 0% used [0x00000000d5b00000,0x00000000d5b00000,0x00000000d5e00000)
 ParOldGen       total 1010176K, used 1009795K [0x0000000080000000, 0x00000000bda80000, 0x00000000d5580000)
  object space 1010176K, 99% used [0x0000000080000000,0x00000000bda20d38,0x00000000bda80000)
 Metaspace       used 99776K, committed 101440K, reserved 1179648K
  class space    used 9542K, committed 10368K, reserved 1048576K
}
Event: 13142.359 GC heap after
{Heap after GC invocations=18355 (full 47):
 PSYoungGen      total 8704K, used 1438K [0x00000000d5580000, 0x00000000d6080000, 0x0000000100000000)
  eden space 5632K, 0% used [0x00000000d5580000,0x00000000d5580000,0x00000000d5b00000)
  from space 3072K, 46% used [0x00000000d5b00000,0x00000000d5c67960,0x00000000d5e00000)
  to   space 2048K, 0% used [0x00000000d5e80000,0x00000000d5e80000,0x00000000d6080000)
 ParOldGen       total 1010176K, used 1010051K [0x0000000080000000, 0x00000000bda80000, 0x00000000d5580000)
  object space 1010176K, 99% used [0x0000000080000000,0x00000000bda60d78,0x00000000bda80000)
 Metaspace       used 99776K, committed 101440K, reserved 1179648K
  class space    used 9542K, committed 10368K, reserved 1048576K
}
Event: 13142.368 GC heap before
{Heap before GC invocations=18356 (full 47):
 PSYoungGen      total 8704K, used 7070K [0x00000000d5580000, 0x00000000d6080000, 0x0000000100000000)
  eden space 5632K, 100% used [0x00000000d5580000,0x00000000d5b00000,0x00000000d5b00000)
  from space 3072K, 46% used [0x00000000d5b00000,0x00000000d5c67960,0x00000000d5e00000)
  to   space 2048K, 0% used [0x00000000d5e80000,0x00000000d5e80000,0x00000000d6080000)
 ParOldGen       total 1010176K, used 1010051K [0x0000000080000000, 0x00000000bda80000, 0x00000000d5580000)
  object space 1010176K, 99% used [0x0000000080000000,0x00000000bda60d78,0x00000000bda80000)
 Metaspace       used 99776K, committed 101440K, reserved 1179648K
  class space    used 9542K, committed 10368K, reserved 1048576K
}
Event: 13142.373 GC heap after
{Heap after GC invocations=18356 (full 47):
 PSYoungGen      total 9216K, used 1632K [0x00000000d5580000, 0x00000000d6080000, 0x0000000100000000)
  eden space 7168K, 0% used [0x00000000d5580000,0x00000000d5580000,0x00000000d5c80000)
  from space 2048K, 79% used [0x00000000d5e80000,0x00000000d6018000,0x00000000d6080000)
  to   space 2048K, 0% used [0x00000000d5c80000,0x00000000d5c80000,0x00000000d5e80000)
 ParOldGen       total 1011200K, used 1011177K [0x0000000080000000, 0x00000000bdb80000, 0x00000000d5580000)
  object space 1011200K, 99% used [0x0000000080000000,0x00000000bdb7a6d8,0x00000000bdb80000)
 Metaspace       used 99776K, committed 101440K, reserved 1179648K
  class space    used 9542K, committed 10368K, reserved 1048576K
}
Event: 13142.469 GC heap before
{Heap before GC invocations=18357 (full 47):
 PSYoungGen      total 9216K, used 8800K [0x00000000d5580000, 0x00000000d6080000, 0x0000000100000000)
  eden space 7168K, 100% used [0x00000000d5580000,0x00000000d5c80000,0x00000000d5c80000)
  from space 2048K, 79% used [0x00000000d5e80000,0x00000000d6018000,0x00000000d6080000)
  to   space 2048K, 0% used [0x00000000d5c80000,0x00000000d5c80000,0x00000000d5e80000)
 ParOldGen       total 1011200K, used 1011177K [0x0000000080000000, 0x00000000bdb80000, 0x00000000d5580000)
  object space 1011200K, 99% used [0x0000000080000000,0x00000000bdb7a6d8,0x00000000bdb80000)
 Metaspace       used 99779K, committed 101440K, reserved 1179648K
  class space    used 9542K, committed 10368K, reserved 1048576K
}
Event: 13142.476 GC heap after
{Heap after GC invocations=18357 (full 47):
 PSYoungGen      total 9216K, used 1929K [0x00000000d5580000, 0x00000000d6200000, 0x0000000100000000)
  eden space 7168K, 0% used [0x00000000d5580000,0x00000000d5580000,0x00000000d5c80000)
  from space 2048K, 94% used [0x00000000d5c80000,0x00000000d5e62400,0x00000000d5e80000)
  to   space 2048K, 0% used [0x00000000d6000000,0x00000000d6000000,0x00000000d6200000)
 ParOldGen       total 1012736K, used 1012657K [0x0000000080000000, 0x00000000bdd00000, 0x00000000d5580000)
  object space 1012736K, 99% used [0x0000000080000000,0x00000000bdcec6d8,0x00000000bdd00000)
 Metaspace       used 99779K, committed 101440K, reserved 1179648K
  class space    used 9542K, committed 10368K, reserved 1048576K
}
Event: 13142.487 GC heap before
{Heap before GC invocations=18358 (full 47):
 PSYoungGen      total 9216K, used 9097K [0x00000000d5580000, 0x00000000d6200000, 0x0000000100000000)
  eden space 7168K, 100% used [0x00000000d5580000,0x00000000d5c80000,0x00000000d5c80000)
  from space 2048K, 94% used [0x00000000d5c80000,0x00000000d5e62400,0x00000000d5e80000)
  to   space 2048K, 0% used [0x00000000d6000000,0x00000000d6000000,0x00000000d6200000)
 ParOldGen       total 1012736K, used 1012657K [0x0000000080000000, 0x00000000bdd00000, 0x00000000d5580000)
  object space 1012736K, 99% used [0x0000000080000000,0x00000000bdcec6d8,0x00000000bdd00000)
 Metaspace       used 99779K, committed 101440K, reserved 1179648K
  class space    used 9542K, committed 10368K, reserved 1048576K
}
Event: 13142.494 GC heap after
{Heap after GC invocations=18358 (full 47):
 PSYoungGen      total 7680K, used 2039K [0x00000000d5580000, 0x00000000d6800000, 0x0000000100000000)
  eden space 5632K, 0% used [0x00000000d5580000,0x00000000d5580000,0x00000000d5b00000)
  from space 2048K, 99% used [0x00000000d6000000,0x00000000d61fdd70,0x00000000d6200000)
  to   space 5120K, 0% used [0x00000000d5b00000,0x00000000d5b00000,0x00000000d6000000)
 ParOldGen       total 1015296K, used 1015084K [0x0000000080000000, 0x00000000bdf80000, 0x00000000d5580000)
  object space 1015296K, 99% used [0x0000000080000000,0x00000000bdf4b210,0x00000000bdf80000)
 Metaspace       used 99779K, committed 101440K, reserved 1179648K
  class space    used 9542K, committed 10368K, reserved 1048576K
}
Event: 13142.504 GC heap before
{Heap before GC invocations=18359 (full 47):
 PSYoungGen      total 7680K, used 7671K [0x00000000d5580000, 0x00000000d6800000, 0x0000000100000000)
  eden space 5632K, 100% used [0x00000000d5580000,0x00000000d5b00000,0x00000000d5b00000)
  from space 2048K, 99% used [0x00000000d6000000,0x00000000d61fdd70,0x00000000d6200000)
  to   space 5120K, 0% used [0x00000000d5b00000,0x00000000d5b00000,0x00000000d6000000)
 ParOldGen       total 1015296K, used 1015084K [0x0000000080000000, 0x00000000bdf80000, 0x00000000d5580000)
  object space 1015296K, 99% used [0x0000000080000000,0x00000000bdf4b210,0x00000000bdf80000)
 Metaspace       used 99779K, committed 101440K, reserved 1179648K
  class space    used 9542K, committed 10368K, reserved 1048576K
}
Event: 13142.508 GC heap after
{Heap after GC invocations=18359 (full 47):
 PSYoungGen      total 6656K, used 576K [0x00000000d5580000, 0x00000000d6080000, 0x0000000100000000)
  eden space 5632K, 0% used [0x00000000d5580000,0x00000000d5580000,0x00000000d5b00000)
  from space 1024K, 56% used [0x00000000d5b00000,0x00000000d5b90000,0x00000000d5c00000)
  to   space 2048K, 0% used [0x00000000d5e80000,0x00000000d5e80000,0x00000000d6080000)
 ParOldGen       total 1015808K, used 1015597K [0x0000000080000000, 0x00000000be000000, 0x00000000d5580000)
  object space 1015808K, 99% used [0x0000000080000000,0x00000000bdfcb620,0x00000000be000000)
 Metaspace       used 99779K, committed 101440K, reserved 1179648K
  class space    used 9542K, committed 10368K, reserved 1048576K
}
Event: 13142.515 GC heap before
{Heap before GC invocations=18360 (full 47):
 PSYoungGen      total 6656K, used 6208K [0x00000000d5580000, 0x00000000d6080000, 0x0000000100000000)
  eden space 5632K, 100% used [0x00000000d5580000,0x00000000d5b00000,0x00000000d5b00000)
  from space 1024K, 56% used [0x00000000d5b00000,0x00000000d5b90000,0x00000000d5c00000)
  to   space 2048K, 0% used [0x00000000d5e80000,0x00000000d5e80000,0x00000000d6080000)
 ParOldGen       total 1015808K, used 1015597K [0x0000000080000000, 0x00000000be000000, 0x00000000d5580000)
  object space 1015808K, 99% used [0x0000000080000000,0x00000000bdfcb620,0x00000000be000000)
 Metaspace       used 99779K, committed 101440K, reserved 1179648K
  class space    used 9542K, committed 10368K, reserved 1048576K
}
Event: 13142.519 GC heap after
{Heap after GC invocations=18360 (full 47):
 PSYoungGen      total 9216K, used 1438K [0x00000000d5580000, 0x00000000d6080000, 0x0000000100000000)
  eden space 7168K, 0% used [0x00000000d5580000,0x00000000d5580000,0x00000000d5c80000)
  from space 2048K, 70% used [0x00000000d5e80000,0x00000000d5fe7960,0x00000000d6080000)
  to   space 2048K, 0% used [0x00000000d5c80000,0x00000000d5c80000,0x00000000d5e80000)
 ParOldGen       total 1016320K, used 1016082K [0x0000000080000000, 0x00000000be080000, 0x00000000d5580000)
  object space 1016320K, 99% used [0x0000000080000000,0x00000000be044b08,0x00000000be080000)
 Metaspace       used 99779K, committed 101440K, reserved 1179648K
  class space    used 9542K, committed 10368K, reserved 1048576K
}
Event: 13142.539 GC heap before
{Heap before GC invocations=18361 (full 47):
 PSYoungGen      total 9216K, used 8606K [0x00000000d5580000, 0x00000000d6080000, 0x0000000100000000)
  eden space 7168K, 100% used [0x00000000d5580000,0x00000000d5c80000,0x00000000d5c80000)
  from space 2048K, 70% used [0x00000000d5e80000,0x00000000d5fe7960,0x00000000d6080000)
  to   space 2048K, 0% used [0x00000000d5c80000,0x00000000d5c80000,0x00000000d5e80000)
 ParOldGen       total 1016320K, used 1016082K [0x0000000080000000, 0x00000000be080000, 0x00000000d5580000)
  object space 1016320K, 99% used [0x0000000080000000,0x00000000be044b08,0x00000000be080000)
 Metaspace       used 99779K, committed 101440K, reserved 1179648K
  class space    used 9542K, committed 10368K, reserved 1048576K
}
Event: 13142.545 GC heap after
{Heap after GC invocations=18361 (full 47):
 PSYoungGen      total 9216K, used 2048K [0x00000000d5580000, 0x00000000d6600000, 0x0000000100000000)
  eden space 7168K, 0% used [0x00000000d5580000,0x00000000d5580000,0x00000000d5c80000)
  from space 2048K, 100% used [0x00000000d5c80000,0x00000000d5e80000,0x00000000d5e80000)
  to   space 4096K, 0% used [0x00000000d6200000,0x00000000d6200000,0x00000000d6600000)
 ParOldGen       total 1017856K, used 1017617K [0x0000000080000000, 0x00000000be200000, 0x00000000d5580000)
  object space 1017856K, 99% used [0x0000000080000000,0x00000000be1c4488,0x00000000be200000)
 Metaspace       used 99779K, committed 101440K, reserved 1179648K
  class space    used 9542K, committed 10368K, reserved 1048576K
}

