# JRE version: OpenJDK Runtime Environment Temurin-21.0.8+9 (21.0.8+9) (build 21.0.8+9-LTS)
# Java VM: OpenJDK 64-Bit Server VM Temurin-21.0.8+9 (21.0.8+9-LTS, mixed mode, sharing, tiered, compressed oops, compressed class ptrs, parallel gc, windows-amd64)
GC Precious Log:
 CardTable entry size: 512
 CPUs: 12 total, 12 available
 Memory: 15755M
 Large Page Support: Disabled
 NUMA Support: Disabled
 Compressed Oops: Enabled (32-bit)
 Alignments: Space 512K, Generation 512K, Heap 2M
 Heap Min Capacity: 100M
 Heap Initial Capacity: 100M
 Heap Max Capacity: 2G
 Pre-touch: Disabled
 Parallel Workers: 10
Heap:
 PSYoungGen      total 8192K, used 3444K [0x00000000d5580000, 0x00000000d5e80000, 0x0000000100000000)
  eden space 7680K, 41% used [0x00000000d5580000,0x00000000d58a53d0,0x00000000d5d00000)
  from space 512K, 43% used [0x00000000d5e00000,0x00000000d5e38000,0x00000000d5e80000)
  to   space 512K, 0% used [0x00000000d5d00000,0x00000000d5d00000,0x00000000d5d80000)
 ParOldGen       total 589824K, used 589517K [0x0000000080000000, 0x00000000a4000000, 0x00000000d5580000)
  object space 589824K, 99% used [0x0000000080000000,0x00000000a3fb3798,0x00000000a4000000)
 Metaspace       used 110227K, committed 112064K, reserved 1179648K
  class space    used 10474K, committed 11328K, reserved 1048576K
GC Heap History (20 events):
Event: 15358.383 GC heap before
{Heap before GC invocations=76871 (full 137):
 PSYoungGen      total 8192K, used 8192K [0x00000000d5580000, 0x00000000d6100000, 0x0000000100000000)
  eden space 7680K, 100% used [0x00000000d5580000,0x00000000d5d00000,0x00000000d5d00000)
  from space 512K, 100% used [0x00000000d6080000,0x00000000d6100000,0x00000000d6100000)
  to   space 1536K, 0% used [0x00000000d5e00000,0x00000000d5e00000,0x00000000d5f80000)
 ParOldGen       total 583680K, used 583550K [0x0000000080000000, 0x00000000a3a00000, 0x00000000d5580000)
  object space 583680K, 99% used [0x0000000080000000,0x00000000a39dfa98,0x00000000a3a00000)
 Metaspace       used 110214K, committed 112000K, reserved 1179648K
  class space    used 10474K, committed 11328K, reserved 1048576K
}
Event: 15358.385 GC heap after
{Heap after GC invocations=76871 (full 137):
 PSYoungGen      total 9216K, used 1028K [0x00000000d5580000, 0x00000000d6100000, 0x0000000100000000)
  eden space 7680K, 0% used [0x00000000d5580000,0x00000000d5580000,0x00000000d5d00000)
  from space 1536K, 66% used [0x00000000d5e00000,0x00000000d5f01210,0x00000000d5f80000)
  to   space 1536K, 0% used [0x00000000d5f80000,0x00000000d5f80000,0x00000000d6100000)
 ParOldGen       total 584192K, used 584010K [0x0000000080000000, 0x00000000a3a80000, 0x00000000d5580000)
  object space 584192K, 99% used [0x0000000080000000,0x00000000a3a52908,0x00000000a3a80000)
 Metaspace       used 110214K, committed 112000K, reserved 1179648K
  class space    used 10474K, committed 11328K, reserved 1048576K
}
Event: 15358.393 GC heap before
{Heap before GC invocations=76872 (full 137):
 PSYoungGen      total 9216K, used 8708K [0x00000000d5580000, 0x00000000d6100000, 0x0000000100000000)
  eden space 7680K, 100% used [0x00000000d5580000,0x00000000d5d00000,0x00000000d5d00000)
  from space 1536K, 66% used [0x00000000d5e00000,0x00000000d5f01210,0x00000000d5f80000)
  to   space 1536K, 0% used [0x00000000d5f80000,0x00000000d5f80000,0x00000000d6100000)
 ParOldGen       total 584192K, used 584010K [0x0000000080000000, 0x00000000a3a80000, 0x00000000d5580000)
  object space 584192K, 99% used [0x0000000080000000,0x00000000a3a52908,0x00000000a3a80000)
 Metaspace       used 110214K, committed 112000K, reserved 1179648K
  class space    used 10474K, committed 11328K, reserved 1048576K
}
Event: 15358.395 GC heap after
{Heap after GC invocations=76872 (full 137):
 PSYoungGen      total 8704K, used 960K [0x00000000d5580000, 0x00000000d6080000, 0x0000000100000000)
  eden space 7680K, 0% used [0x00000000d5580000,0x00000000d5580000,0x00000000d5d00000)
  from space 1024K, 93% used [0x00000000d5f80000,0x00000000d6070000,0x00000000d6080000)
  to   space 1024K, 0% used [0x00000000d5e80000,0x00000000d5e80000,0x00000000d5f80000)
 ParOldGen       total 585216K, used 584849K [0x0000000080000000, 0x00000000a3b80000, 0x00000000d5580000)
  object space 585216K, 99% used [0x0000000080000000,0x00000000a3b244f0,0x00000000a3b80000)
 Metaspace       used 110214K, committed 112000K, reserved 1179648K
  class space    used 10474K, committed 11328K, reserved 1048576K
}
Event: 15358.444 GC heap before
{Heap before GC invocations=76873 (full 137):
 PSYoungGen      total 8704K, used 8640K [0x00000000d5580000, 0x00000000d6080000, 0x0000000100000000)
  eden space 7680K, 100% used [0x00000000d5580000,0x00000000d5d00000,0x00000000d5d00000)
  from space 1024K, 93% used [0x00000000d5f80000,0x00000000d6070000,0x00000000d6080000)
  to   space 1024K, 0% used [0x00000000d5e80000,0x00000000d5e80000,0x00000000d5f80000)
 ParOldGen       total 585216K, used 584849K [0x0000000080000000, 0x00000000a3b80000, 0x00000000d5580000)
  object space 585216K, 99% used [0x0000000080000000,0x00000000a3b244f0,0x00000000a3b80000)
 Metaspace       used 110214K, committed 112000K, reserved 1179648K
  class space    used 10474K, committed 11328K, reserved 1048576K
}
Event: 15358.447 GC heap after
{Heap after GC invocations=76873 (full 137):
 PSYoungGen      total 8704K, used 768K [0x00000000d5580000, 0x00000000d6000000, 0x0000000100000000)
  eden space 7680K, 0% used [0x00000000d5580000,0x00000000d5580000,0x00000000d5d00000)
  from space 1024K, 75% used [0x00000000d5e80000,0x00000000d5f40020,0x00000000d5f80000)
  to   space 512K, 0% used [0x00000000d5f80000,0x00000000d5f80000,0x00000000d6000000)
 ParOldGen       total 585728K, used 585630K [0x0000000080000000, 0x00000000a3c00000, 0x00000000d5580000)
  object space 585728K, 99% used [0x0000000080000000,0x00000000a3be7a28,0x00000000a3c00000)
 Metaspace       used 110214K, committed 112000K, reserved 1179648K
  class space    used 10474K, committed 11328K, reserved 1048576K
}
Event: 15358.488 GC heap before
{Heap before GC invocations=76874 (full 137):
 PSYoungGen      total 8704K, used 8448K [0x00000000d5580000, 0x00000000d6000000, 0x0000000100000000)
  eden space 7680K, 100% used [0x00000000d5580000,0x00000000d5d00000,0x00000000d5d00000)
  from space 1024K, 75% used [0x00000000d5e80000,0x00000000d5f40020,0x00000000d5f80000)
  to   space 512K, 0% used [0x00000000d5f80000,0x00000000d5f80000,0x00000000d6000000)
 ParOldGen       total 585728K, used 585630K [0x0000000080000000, 0x00000000a3c00000, 0x00000000d5580000)
  object space 585728K, 99% used [0x0000000080000000,0x00000000a3be7a28,0x00000000a3c00000)
 Metaspace       used 110214K, committed 112000K, reserved 1179648K
  class space    used 10474K, committed 11328K, reserved 1048576K
}
Event: 15358.490 GC heap after
{Heap after GC invocations=76874 (full 137):
 PSYoungGen      total 8192K, used 512K [0x00000000d5580000, 0x00000000d6000000, 0x0000000100000000)
  eden space 7680K, 0% used [0x00000000d5580000,0x00000000d5580000,0x00000000d5d00000)
  from space 512K, 100% used [0x00000000d5f80000,0x00000000d6000000,0x00000000d6000000)
  to   space 1536K, 0% used [0x00000000d5d00000,0x00000000d5d00000,0x00000000d5e80000)
 ParOldGen       total 586752K, used 586365K [0x0000000080000000, 0x00000000a3d00000, 0x00000000d5580000)
  object space 586752K, 99% used [0x0000000080000000,0x00000000a3c9f518,0x00000000a3d00000)
 Metaspace       used 110214K, committed 112000K, reserved 1179648K
  class space    used 10474K, committed 11328K, reserved 1048576K
}
Event: 15358.521 GC heap before
{Heap before GC invocations=76875 (full 137):
 PSYoungGen      total 8192K, used 8192K [0x00000000d5580000, 0x00000000d6000000, 0x0000000100000000)
  eden space 7680K, 100% used [0x00000000d5580000,0x00000000d5d00000,0x00000000d5d00000)
  from space 512K, 100% used [0x00000000d5f80000,0x00000000d6000000,0x00000000d6000000)
  to   space 1536K, 0% used [0x00000000d5d00000,0x00000000d5d00000,0x00000000d5e80000)
 ParOldGen       total 586752K, used 586365K [0x0000000080000000, 0x00000000a3d00000, 0x00000000d5580000)
  object space 586752K, 99% used [0x0000000080000000,0x00000000a3c9f518,0x00000000a3d00000)
 Metaspace       used 110214K, committed 112000K, reserved 1179648K
  class space    used 10474K, committed 11328K, reserved 1048576K
}
Event: 15358.524 GC heap after
{Heap after GC invocations=76875 (full 137):
 PSYoungGen      total 9216K, used 1076K [0x00000000d5580000, 0x00000000d6000000, 0x0000000100000000)
  eden space 7680K, 0% used [0x00000000d5580000,0x00000000d5580000,0x00000000d5d00000)
  from space 1536K, 70% used [0x00000000d5d00000,0x00000000d5e0d200,0x00000000d5e80000)
  to   space 1536K, 0% used [0x00000000d5e80000,0x00000000d5e80000,0x00000000d6000000)
 ParOldGen       total 587264K, used 586883K [0x0000000080000000, 0x00000000a3d80000, 0x00000000d5580000)
  object space 587264K, 99% used [0x0000000080000000,0x00000000a3d20d48,0x00000000a3d80000)
 Metaspace       used 110214K, committed 112000K, reserved 1179648K
  class space    used 10474K, committed 11328K, reserved 1048576K
}
Event: 15358.567 GC heap before
{Heap before GC invocations=76876 (full 137):
 PSYoungGen      total 9216K, used 8756K [0x00000000d5580000, 0x00000000d6000000, 0x0000000100000000)
  eden space 7680K, 100% used [0x00000000d5580000,0x00000000d5d00000,0x00000000d5d00000)
  from space 1536K, 70% used [0x00000000d5d00000,0x00000000d5e0d200,0x00000000d5e80000)
  to   space 1536K, 0% used [0x00000000d5e80000,0x00000000d5e80000,0x00000000d6000000)
 ParOldGen       total 587264K, used 586883K [0x0000000080000000, 0x00000000a3d80000, 0x00000000d5580000)
  object space 587264K, 99% used [0x0000000080000000,0x00000000a3d20d48,0x00000000a3d80000)
 Metaspace       used 110214K, committed 112000K, reserved 1179648K
  class space    used 10474K, committed 11328K, reserved 1048576K
}
Event: 15358.570 GC heap after
{Heap after GC invocations=76876 (full 137):
 PSYoungGen      total 8704K, used 784K [0x00000000d5580000, 0x00000000d5f80000, 0x0000000100000000)
  eden space 7680K, 0% used [0x00000000d5580000,0x00000000d5580000,0x00000000d5d00000)
  from space 1024K, 76% used [0x00000000d5e80000,0x00000000d5f44010,0x00000000d5f80000)
  to   space 1024K, 0% used [0x00000000d5d80000,0x00000000d5d80000,0x00000000d5e80000)
 ParOldGen       total 588288K, used 587797K [0x0000000080000000, 0x00000000a3e80000, 0x00000000d5580000)
  object space 588288K, 99% used [0x0000000080000000,0x00000000a3e05698,0x00000000a3e80000)
 Metaspace       used 110214K, committed 112000K, reserved 1179648K
  class space    used 10474K, committed 11328K, reserved 1048576K
}
Event: 15358.601 GC heap before
{Heap before GC invocations=76877 (full 137):
 PSYoungGen      total 8704K, used 8464K [0x00000000d5580000, 0x00000000d5f80000, 0x0000000100000000)
  eden space 7680K, 100% used [0x00000000d5580000,0x00000000d5d00000,0x00000000d5d00000)
  from space 1024K, 76% used [0x00000000d5e80000,0x00000000d5f44010,0x00000000d5f80000)
  to   space 1024K, 0% used [0x00000000d5d80000,0x00000000d5d80000,0x00000000d5e80000)
 ParOldGen       total 588288K, used 587797K [0x0000000080000000, 0x00000000a3e80000, 0x00000000d5580000)
  object space 588288K, 99% used [0x0000000080000000,0x00000000a3e05698,0x00000000a3e80000)
 Metaspace       used 110214K, committed 112000K, reserved 1179648K
  class space    used 10474K, committed 11328K, reserved 1048576K
}
Event: 15358.607 GC heap after
{Heap after GC invocations=76877 (full 137):
 PSYoungGen      total 8704K, used 768K [0x00000000d5580000, 0x00000000d5f00000, 0x0000000100000000)
  eden space 7680K, 0% used [0x00000000d5580000,0x00000000d5580000,0x00000000d5d00000)
  from space 1024K, 75% used [0x00000000d5d80000,0x00000000d5e40000,0x00000000d5e80000)
  to   space 512K, 0% used [0x00000000d5e80000,0x00000000d5e80000,0x00000000d5f00000)
 ParOldGen       total 588800K, used 588454K [0x0000000080000000, 0x00000000a3f00000, 0x00000000d5580000)
  object space 588800K, 99% used [0x0000000080000000,0x00000000a3ea9808,0x00000000a3f00000)
 Metaspace       used 110214K, committed 112000K, reserved 1179648K
  class space    used 10474K, committed 11328K, reserved 1048576K
}
Event: 19638.022 GC heap before
{Heap before GC invocations=76878 (full 137):
 PSYoungGen      total 8704K, used 8447K [0x00000000d5580000, 0x00000000d5f00000, 0x0000000100000000)
  eden space 7680K, 99% used [0x00000000d5580000,0x00000000d5cffff8,0x00000000d5d00000)
  from space 1024K, 75% used [0x00000000d5d80000,0x00000000d5e40000,0x00000000d5e80000)
  to   space 512K, 0% used [0x00000000d5e80000,0x00000000d5e80000,0x00000000d5f00000)
 ParOldGen       total 588800K, used 588454K [0x0000000080000000, 0x00000000a3f00000, 0x00000000d5580000)
  object space 588800K, 99% used [0x0000000080000000,0x00000000a3ea9808,0x00000000a3f00000)
 Metaspace       used 110227K, committed 112064K, reserved 1179648K
  class space    used 10474K, committed 11328K, reserved 1048576K
}
Event: 19638.026 GC heap after
{Heap after GC invocations=76878 (full 137):
 PSYoungGen      total 8192K, used 512K [0x00000000d5580000, 0x00000000d6000000, 0x0000000100000000)
  eden space 7680K, 0% used [0x00000000d5580000,0x00000000d5580000,0x00000000d5d00000)
  from space 512K, 100% used [0x00000000d5e80000,0x00000000d5f00000,0x00000000d5f00000)
  to   space 1536K, 0% used [0x00000000d5d00000,0x00000000d5d00000,0x00000000d5e80000)
 ParOldGen       total 589312K, used 589064K [0x0000000080000000, 0x00000000a3f80000, 0x00000000d5580000)
  object space 589312K, 99% used [0x0000000080000000,0x00000000a3f42058,0x00000000a3f80000)
 Metaspace       used 110227K, committed 112064K, reserved 1179648K
  class space    used 10474K, committed 11328K, reserved 1048576K
}
Event: 38331.600 GC heap before
{Heap before GC invocations=76879 (full 137):
 PSYoungGen      total 8192K, used 8192K [0x00000000d5580000, 0x00000000d6000000, 0x0000000100000000)
  eden space 7680K, 100% used [0x00000000d5580000,0x00000000d5d00000,0x00000000d5d00000)
  from space 512K, 100% used [0x00000000d5e80000,0x00000000d5f00000,0x00000000d5f00000)
  to   space 1536K, 0% used [0x00000000d5d00000,0x00000000d5d00000,0x00000000d5e80000)
 ParOldGen       total 589312K, used 589064K [0x0000000080000000, 0x00000000a3f80000, 0x00000000d5580000)
  object space 589312K, 99% used [0x0000000080000000,0x00000000a3f42058,0x00000000a3f80000)
 Metaspace       used 110227K, committed 112064K, reserved 1179648K
  class space    used 10474K, committed 11328K, reserved 1048576K
}
Event: 38331.603 GC heap after
{Heap after GC invocations=76879 (full 137):
 PSYoungGen      total 8192K, used 192K [0x00000000d5580000, 0x00000000d5f00000, 0x0000000100000000)
  eden space 7680K, 0% used [0x00000000d5580000,0x00000000d5580000,0x00000000d5d00000)
  from space 512K, 37% used [0x00000000d5d00000,0x00000000d5d30000,0x00000000d5d80000)
  to   space 1024K, 0% used [0x00000000d5e00000,0x00000000d5e00000,0x00000000d5f00000)
 ParOldGen       total 589824K, used 589517K [0x0000000080000000, 0x00000000a4000000, 0x00000000d5580000)
  object space 589824K, 99% used [0x0000000080000000,0x00000000a3fb3798,0x00000000a4000000)
 Metaspace       used 110227K, committed 112064K, reserved 1179648K
  class space    used 10474K, committed 11328K, reserved 1048576K
}
Event: 50440.706 GC heap before
{Heap before GC invocations=76880 (full 137):
 PSYoungGen      total 8192K, used 7872K [0x00000000d5580000, 0x00000000d5f00000, 0x0000000100000000)
  eden space 7680K, 100% used [0x00000000d5580000,0x00000000d5d00000,0x00000000d5d00000)
  from space 512K, 37% used [0x00000000d5d00000,0x00000000d5d30000,0x00000000d5d80000)
  to   space 1024K, 0% used [0x00000000d5e00000,0x00000000d5e00000,0x00000000d5f00000)
 ParOldGen       total 589824K, used 589517K [0x0000000080000000, 0x00000000a4000000, 0x00000000d5580000)
  object space 589824K, 99% used [0x0000000080000000,0x00000000a3fb3798,0x00000000a4000000)
 Metaspace       used 110227K, committed 112064K, reserved 1179648K
  class space    used 10474K, committed 11328K, reserved 1048576K
}
Event: 50440.773 GC heap after
{Heap after GC invocations=76880 (full 137):
 PSYoungGen      total 8192K, used 224K [0x00000000d5580000, 0x00000000d5e80000, 0x0000000100000000)
  eden space 7680K, 0% used [0x00000000d5580000,0x00000000d5580000,0x00000000d5d00000)
  from space 512K, 43% used [0x00000000d5e00000,0x00000000d5e38000,0x00000000d5e80000)
  to   space 512K, 0% used [0x00000000d5d00000,0x00000000d5d00000,0x00000000d5d80000)
 ParOldGen       total 589824K, used 589517K [0x0000000080000000, 0x00000000a4000000, 0x00000000d5580000)
  object space 589824K, 99% used [0x0000000080000000,0x00000000a3fb3798,0x00000000a4000000)
 Metaspace       used 110227K, committed 112064K, reserved 1179648K
  class space    used 10474K, committed 11328K, reserved 1048576K
}

