# JRE version: OpenJDK Runtime Environment Temurin-21.0.9+10 (21.0.9+10) (build 21.0.9+10-LTS)
# Java VM: OpenJDK 64-Bit Server VM Temurin-21.0.9+10 (21.0.9+10-LTS, mixed mode, sharing, tiered, compressed oops, compressed class ptrs, parallel gc, windows-amd64)
GC Precious Log:
 CardTable entry size: 512
 CPUs: 12 total, 12 available
 Memory: 15755M
 Large Page Support: Disabled
 NUMA Support: Disabled
 Compressed Oops: Enabled (Zero based)
 Alignments: Space 512K, Generation 512K, Heap 2M
 Heap Min Capacity: 100M
 Heap Initial Capacity: 100M
 Heap Max Capacity: 4G
 Pre-touch: Disabled
 Parallel Workers: 10
Heap:
 PSYoungGen      total 3072K, used 1872K [0x00000007aab00000, 0x00000007ab980000, 0x0000000800000000)
  eden space 2560K, 66% used [0x00000007aab00000,0x00000007aacac2c8,0x00000007aad80000)
  from space 512K, 31% used [0x00000007ab900000,0x00000007ab928000,0x00000007ab980000)
  to   space 512K, 0% used [0x00000007ab880000,0x00000007ab880000,0x00000007ab900000)
 ParOldGen       total 169984K, used 169634K [0x0000000700000000, 0x000000070a600000, 0x00000007aab00000)
  object space 169984K, 99% used [0x0000000700000000,0x000000070a5a8b38,0x000000070a600000)
 Metaspace       used 84013K, committed 85760K, reserved 1179648K
  class space    used 8716K, committed 9472K, reserved 1048576K
GC Heap History (20 events):
Event: 4408.367 GC heap before
{Heap before GC invocations=271 (full 4):
 PSYoungGen      total 3072K, used 3048K [0x00000007aab00000, 0x00000007ab980000, 0x0000000800000000)
  eden space 2560K, 99% used [0x00000007aab00000,0x00000007aad7ffb8,0x00000007aad80000)
  from space 512K, 95% used [0x00000007ab900000,0x00000007ab97a400,0x00000007ab980000)
  to   space 1024K, 0% used [0x00000007ab780000,0x00000007ab780000,0x00000007ab880000)
 ParOldGen       total 167936K, used 167925K [0x0000000700000000, 0x000000070a400000, 0x00000007aab00000)
  object space 167936K, 99% used [0x0000000700000000,0x000000070a3fd6f8,0x000000070a400000)
 Metaspace       used 83944K, committed 85696K, reserved 1179648K
  class space    used 8716K, committed 9472K, reserved 1048576K
}
Event: 4408.371 GC heap after
{Heap after GC invocations=271 (full 4):
 PSYoungGen      total 3584K, used 352K [0x00000007aab00000, 0x00000007ab980000, 0x0000000800000000)
  eden space 2560K, 0% used [0x00000007aab00000,0x00000007aab00000,0x00000007aad80000)
  from space 1024K, 34% used [0x00000007ab780000,0x00000007ab7d8000,0x00000007ab880000)
  to   space 512K, 0% used [0x00000007ab900000,0x00000007ab900000,0x00000007ab980000)
 ParOldGen       total 168448K, used 168326K [0x0000000700000000, 0x000000070a480000, 0x00000007aab00000)
  object space 168448K, 99% used [0x0000000700000000,0x000000070a461b08,0x000000070a480000)
 Metaspace       used 83944K, committed 85696K, reserved 1179648K
  class space    used 8716K, committed 9472K, reserved 1048576K
}
Event: 4408.509 GC heap before
{Heap before GC invocations=272 (full 4):
 PSYoungGen      total 3584K, used 2912K [0x00000007aab00000, 0x00000007ab980000, 0x0000000800000000)
  eden space 2560K, 100% used [0x00000007aab00000,0x00000007aad80000,0x00000007aad80000)
  from space 1024K, 34% used [0x00000007ab780000,0x00000007ab7d8000,0x00000007ab880000)
  to   space 512K, 0% used [0x00000007ab900000,0x00000007ab900000,0x00000007ab980000)
 ParOldGen       total 168448K, used 168326K [0x0000000700000000, 0x000000070a480000, 0x00000007aab00000)
  object space 168448K, 99% used [0x0000000700000000,0x000000070a461b08,0x000000070a480000)
 Metaspace       used 83947K, committed 85696K, reserved 1179648K
  class space    used 8716K, committed 9472K, reserved 1048576K
}
Event: 4408.512 GC heap after
{Heap after GC invocations=272 (full 4):
 PSYoungGen      total 3072K, used 384K [0x00000007aab00000, 0x00000007ab980000, 0x0000000800000000)
  eden space 2560K, 0% used [0x00000007aab00000,0x00000007aab00000,0x00000007aad80000)
  from space 512K, 75% used [0x00000007ab900000,0x00000007ab960000,0x00000007ab980000)
  to   space 512K, 0% used [0x00000007ab880000,0x00000007ab880000,0x00000007ab900000)
 ParOldGen       total 168960K, used 168534K [0x0000000700000000, 0x000000070a500000, 0x00000007aab00000)
  object space 168960K, 99% used [0x0000000700000000,0x000000070a495b08,0x000000070a500000)
 Metaspace       used 83947K, committed 85696K, reserved 1179648K
  class space    used 8716K, committed 9472K, reserved 1048576K
}
Event: 4408.541 GC heap before
{Heap before GC invocations=273 (full 4):
 PSYoungGen      total 3072K, used 2944K [0x00000007aab00000, 0x00000007ab980000, 0x0000000800000000)
  eden space 2560K, 100% used [0x00000007aab00000,0x00000007aad80000,0x00000007aad80000)
  from space 512K, 75% used [0x00000007ab900000,0x00000007ab960000,0x00000007ab980000)
  to   space 512K, 0% used [0x00000007ab880000,0x00000007ab880000,0x00000007ab900000)
 ParOldGen       total 168960K, used 168534K [0x0000000700000000, 0x000000070a500000, 0x00000007aab00000)
  object space 168960K, 99% used [0x0000000700000000,0x000000070a495b08,0x000000070a500000)
 Metaspace       used 83949K, committed 85696K, reserved 1179648K
  class space    used 8716K, committed 9472K, reserved 1048576K
}
Event: 4408.544 GC heap after
{Heap after GC invocations=273 (full 4):
 PSYoungGen      total 3072K, used 288K [0x00000007aab00000, 0x00000007ab980000, 0x0000000800000000)
  eden space 2560K, 0% used [0x00000007aab00000,0x00000007aab00000,0x00000007aad80000)
  from space 512K, 56% used [0x00000007ab880000,0x00000007ab8c8000,0x00000007ab900000)
  to   space 512K, 0% used [0x00000007ab900000,0x00000007ab900000,0x00000007ab980000)
 ParOldGen       total 168960K, used 168826K [0x0000000700000000, 0x000000070a500000, 0x00000007aab00000)
  object space 168960K, 99% used [0x0000000700000000,0x000000070a4deb18,0x000000070a500000)
 Metaspace       used 83949K, committed 85696K, reserved 1179648K
  class space    used 8716K, committed 9472K, reserved 1048576K
}
Event: 4408.621 GC heap before
{Heap before GC invocations=274 (full 4):
 PSYoungGen      total 3072K, used 2848K [0x00000007aab00000, 0x00000007ab980000, 0x0000000800000000)
  eden space 2560K, 100% used [0x00000007aab00000,0x00000007aad80000,0x00000007aad80000)
  from space 512K, 56% used [0x00000007ab880000,0x00000007ab8c8000,0x00000007ab900000)
  to   space 512K, 0% used [0x00000007ab900000,0x00000007ab900000,0x00000007ab980000)
 ParOldGen       total 168960K, used 168826K [0x0000000700000000, 0x000000070a500000, 0x00000007aab00000)
  object space 168960K, 99% used [0x0000000700000000,0x000000070a4deb18,0x000000070a500000)
 Metaspace       used 83949K, committed 85696K, reserved 1179648K
  class space    used 8716K, committed 9472K, reserved 1048576K
}
Event: 4408.624 GC heap after
{Heap after GC invocations=274 (full 4):
 PSYoungGen      total 3072K, used 256K [0x00000007aab00000, 0x00000007ab980000, 0x0000000800000000)
  eden space 2560K, 0% used [0x00000007aab00000,0x00000007aab00000,0x00000007aad80000)
  from space 512K, 50% used [0x00000007ab900000,0x00000007ab940000,0x00000007ab980000)
  to   space 512K, 0% used [0x00000007ab880000,0x00000007ab880000,0x00000007ab900000)
 ParOldGen       total 168960K, used 168938K [0x0000000700000000, 0x000000070a500000, 0x00000007aab00000)
  object space 168960K, 99% used [0x0000000700000000,0x000000070a4fab18,0x000000070a500000)
 Metaspace       used 83949K, committed 85696K, reserved 1179648K
  class space    used 8716K, committed 9472K, reserved 1048576K
}
Event: 4408.754 GC heap before
{Heap before GC invocations=275 (full 4):
 PSYoungGen      total 3072K, used 2816K [0x00000007aab00000, 0x00000007ab980000, 0x0000000800000000)
  eden space 2560K, 100% used [0x00000007aab00000,0x00000007aad80000,0x00000007aad80000)
  from space 512K, 50% used [0x00000007ab900000,0x00000007ab940000,0x00000007ab980000)
  to   space 512K, 0% used [0x00000007ab880000,0x00000007ab880000,0x00000007ab900000)
 ParOldGen       total 168960K, used 168938K [0x0000000700000000, 0x000000070a500000, 0x00000007aab00000)
  object space 168960K, 99% used [0x0000000700000000,0x000000070a4fab18,0x000000070a500000)
 Metaspace       used 83949K, committed 85696K, reserved 1179648K
  class space    used 8716K, committed 9472K, reserved 1048576K
}
Event: 4408.757 GC heap after
{Heap after GC invocations=275 (full 4):
 PSYoungGen      total 3072K, used 288K [0x00000007aab00000, 0x00000007ab980000, 0x0000000800000000)
  eden space 2560K, 0% used [0x00000007aab00000,0x00000007aab00000,0x00000007aad80000)
  from space 512K, 56% used [0x00000007ab880000,0x00000007ab8c8000,0x00000007ab900000)
  to   space 512K, 0% used [0x00000007ab900000,0x00000007ab900000,0x00000007ab980000)
 ParOldGen       total 169472K, used 169058K [0x0000000700000000, 0x000000070a580000, 0x00000007aab00000)
  object space 169472K, 99% used [0x0000000700000000,0x000000070a518b18,0x000000070a580000)
 Metaspace       used 83949K, committed 85696K, reserved 1179648K
  class space    used 8716K, committed 9472K, reserved 1048576K
}
Event: 4408.863 GC heap before
{Heap before GC invocations=276 (full 4):
 PSYoungGen      total 3072K, used 2848K [0x00000007aab00000, 0x00000007ab980000, 0x0000000800000000)
  eden space 2560K, 100% used [0x00000007aab00000,0x00000007aad80000,0x00000007aad80000)
  from space 512K, 56% used [0x00000007ab880000,0x00000007ab8c8000,0x00000007ab900000)
  to   space 512K, 0% used [0x00000007ab900000,0x00000007ab900000,0x00000007ab980000)
 ParOldGen       total 169472K, used 169058K [0x0000000700000000, 0x000000070a580000, 0x00000007aab00000)
  object space 169472K, 99% used [0x0000000700000000,0x000000070a518b18,0x000000070a580000)
 Metaspace       used 83949K, committed 85696K, reserved 1179648K
  class space    used 8716K, committed 9472K, reserved 1048576K
}
Event: 4408.871 GC heap after
{Heap after GC invocations=276 (full 4):
 PSYoungGen      total 3072K, used 320K [0x00000007aab00000, 0x00000007ab980000, 0x0000000800000000)
  eden space 2560K, 0% used [0x00000007aab00000,0x00000007aab00000,0x00000007aad80000)
  from space 512K, 62% used [0x00000007ab900000,0x00000007ab950020,0x00000007ab980000)
  to   space 512K, 0% used [0x00000007ab880000,0x00000007ab880000,0x00000007ab900000)
 ParOldGen       total 169472K, used 169178K [0x0000000700000000, 0x000000070a580000, 0x00000007aab00000)
  object space 169472K, 99% used [0x0000000700000000,0x000000070a536b18,0x000000070a580000)
 Metaspace       used 83949K, committed 85696K, reserved 1179648K
  class space    used 8716K, committed 9472K, reserved 1048576K
}
Event: 5554.827 GC heap before
{Heap before GC invocations=277 (full 4):
 PSYoungGen      total 3072K, used 2880K [0x00000007aab00000, 0x00000007ab980000, 0x0000000800000000)
  eden space 2560K, 99% used [0x00000007aab00000,0x00000007aad7fff0,0x00000007aad80000)
  from space 512K, 62% used [0x00000007ab900000,0x00000007ab950020,0x00000007ab980000)
  to   space 512K, 0% used [0x00000007ab880000,0x00000007ab880000,0x00000007ab900000)
 ParOldGen       total 169472K, used 169178K [0x0000000700000000, 0x000000070a580000, 0x00000007aab00000)
  object space 169472K, 99% used [0x0000000700000000,0x000000070a536b18,0x000000070a580000)
 Metaspace       used 83970K, committed 85696K, reserved 1179648K
  class space    used 8716K, committed 9472K, reserved 1048576K
}
Event: 5554.831 GC heap after
{Heap after GC invocations=277 (full 4):
 PSYoungGen      total 3072K, used 416K [0x00000007aab00000, 0x00000007ab980000, 0x0000000800000000)
  eden space 2560K, 0% used [0x00000007aab00000,0x00000007aab00000,0x00000007aad80000)
  from space 512K, 81% used [0x00000007ab880000,0x00000007ab8e8000,0x00000007ab900000)
  to   space 512K, 0% used [0x00000007ab900000,0x00000007ab900000,0x00000007ab980000)
 ParOldGen       total 169472K, used 169378K [0x0000000700000000, 0x000000070a580000, 0x00000007aab00000)
  object space 169472K, 99% used [0x0000000700000000,0x000000070a568b38,0x000000070a580000)
 Metaspace       used 83970K, committed 85696K, reserved 1179648K
  class space    used 8716K, committed 9472K, reserved 1048576K
}
Event: 10799.827 GC heap before
{Heap before GC invocations=278 (full 4):
 PSYoungGen      total 3072K, used 2976K [0x00000007aab00000, 0x00000007ab980000, 0x0000000800000000)
  eden space 2560K, 100% used [0x00000007aab00000,0x00000007aad80000,0x00000007aad80000)
  from space 512K, 81% used [0x00000007ab880000,0x00000007ab8e8000,0x00000007ab900000)
  to   space 512K, 0% used [0x00000007ab900000,0x00000007ab900000,0x00000007ab980000)
 ParOldGen       total 169472K, used 169378K [0x0000000700000000, 0x000000070a580000, 0x00000007aab00000)
  object space 169472K, 99% used [0x0000000700000000,0x000000070a568b38,0x000000070a580000)
 Metaspace       used 83986K, committed 85696K, reserved 1179648K
  class space    used 8716K, committed 9472K, reserved 1048576K
}
Event: 10799.847 GC heap after
{Heap after GC invocations=278 (full 4):
 PSYoungGen      total 3072K, used 160K [0x00000007aab00000, 0x00000007ab980000, 0x0000000800000000)
  eden space 2560K, 0% used [0x00000007aab00000,0x00000007aab00000,0x00000007aad80000)
  from space 512K, 31% used [0x00000007ab900000,0x00000007ab928000,0x00000007ab980000)
  to   space 512K, 0% used [0x00000007ab880000,0x00000007ab880000,0x00000007ab900000)
 ParOldGen       total 169984K, used 169618K [0x0000000700000000, 0x000000070a600000, 0x00000007aab00000)
  object space 169984K, 99% used [0x0000000700000000,0x000000070a5a4b38,0x000000070a600000)
 Metaspace       used 83986K, committed 85696K, reserved 1179648K
  class space    used 8716K, committed 9472K, reserved 1048576K
}
Event: 16340.824 GC heap before
{Heap before GC invocations=279 (full 4):
 PSYoungGen      total 3072K, used 2720K [0x00000007aab00000, 0x00000007ab980000, 0x0000000800000000)
  eden space 2560K, 100% used [0x00000007aab00000,0x00000007aad80000,0x00000007aad80000)
  from space 512K, 31% used [0x00000007ab900000,0x00000007ab928000,0x00000007ab980000)
  to   space 512K, 0% used [0x00000007ab880000,0x00000007ab880000,0x00000007ab900000)
 ParOldGen       total 169984K, used 169618K [0x0000000700000000, 0x000000070a600000, 0x00000007aab00000)
  object space 169984K, 99% used [0x0000000700000000,0x000000070a5a4b38,0x000000070a600000)
 Metaspace       used 84007K, committed 85696K, reserved 1179648K
  class space    used 8716K, committed 9472K, reserved 1048576K
}
Event: 16340.842 GC heap after
{Heap after GC invocations=279 (full 4):
 PSYoungGen      total 3072K, used 128K [0x00000007aab00000, 0x00000007ab980000, 0x0000000800000000)
  eden space 2560K, 0% used [0x00000007aab00000,0x00000007aab00000,0x00000007aad80000)
  from space 512K, 25% used [0x00000007ab880000,0x00000007ab8a0000,0x00000007ab900000)
  to   space 512K, 0% used [0x00000007ab900000,0x00000007ab900000,0x00000007ab980000)
 ParOldGen       total 169984K, used 169634K [0x0000000700000000, 0x000000070a600000, 0x00000007aab00000)
  object space 169984K, 99% used [0x0000000700000000,0x000000070a5a8b38,0x000000070a600000)
 Metaspace       used 84007K, committed 85696K, reserved 1179648K
  class space    used 8716K, committed 9472K, reserved 1048576K
}
Event: 21935.344 GC heap before
{Heap before GC invocations=280 (full 4):
 PSYoungGen      total 3072K, used 2688K [0x00000007aab00000, 0x00000007ab980000, 0x0000000800000000)
  eden space 2560K, 100% used [0x00000007aab00000,0x00000007aad80000,0x00000007aad80000)
  from space 512K, 25% used [0x00000007ab880000,0x00000007ab8a0000,0x00000007ab900000)
  to   space 512K, 0% used [0x00000007ab900000,0x00000007ab900000,0x00000007ab980000)
 ParOldGen       total 169984K, used 169634K [0x0000000700000000, 0x000000070a600000, 0x00000007aab00000)
  object space 169984K, 99% used [0x0000000700000000,0x000000070a5a8b38,0x000000070a600000)
 Metaspace       used 84013K, committed 85760K, reserved 1179648K
  class space    used 8716K, committed 9472K, reserved 1048576K
}
Event: 21935.413 GC heap after
{Heap after GC invocations=280 (full 4):
 PSYoungGen      total 3072K, used 160K [0x00000007aab00000, 0x00000007ab980000, 0x0000000800000000)
  eden space 2560K, 0% used [0x00000007aab00000,0x00000007aab00000,0x00000007aad80000)
  from space 512K, 31% used [0x00000007ab900000,0x00000007ab928000,0x00000007ab980000)
  to   space 512K, 0% used [0x00000007ab880000,0x00000007ab880000,0x00000007ab900000)
 ParOldGen       total 169984K, used 169634K [0x0000000700000000, 0x000000070a600000, 0x00000007aab00000)
  object space 169984K, 99% used [0x0000000700000000,0x000000070a5a8b38,0x000000070a600000)
 Metaspace       used 84013K, committed 85760K, reserved 1179648K
  class space    used 8716K, committed 9472K, reserved 1048576K
}

