# JRE version: Java(TM) SE Runtime Environment (17.0.12+8) (build 17.0.12+8-LTS-286)
# Java VM: Java HotSpot(TM) 64-Bit Server VM (17.0.12+8-LTS-286, mixed mode, sharing, tiered, compressed oops, compressed class ptrs, g1 gc, windows-amd64)
GC Precious Log:
 CPUs: 12 total, 12 available
 Memory: 15755M
 Large Page Support: Disabled
 NUMA Support: Disabled
 Compressed Oops: Enabled (Zero based)
 Heap Region Size: 2M
 Heap Min Capacity: 8M
 Heap Initial Capacity: 248M
 Heap Max Capacity: 3940M
 Pre-touch: Disabled
 Parallel Workers: 10
 Concurrent Workers: 3
 Concurrent Refinement Workers: 10
 Periodic GC: Disabled
Heap:
 garbage-first heap   total 69632K, used 40866K [0x0000000709c00000, 0x0000000800000000)
  region size 2048K, 12 young (24576K), 2 survivors (4096K)
 Metaspace       used 28797K, committed 29184K, reserved 1114112K
  class space    used 3714K, committed 3904K, reserved 1048576K
GC Heap History (12 events):
Event: 1.945 GC heap before
{Heap before GC invocations=0 (full 0):
 garbage-first heap   total 253952K, used 20480K [0x0000000709c00000, 0x0000000800000000)
  region size 2048K, 11 young (22528K), 0 survivors (0K)
 Metaspace       used 6043K, committed 6272K, reserved 1114112K
  class space    used 663K, committed 768K, reserved 1048576K
}
Event: 1.956 GC heap after
{Heap after GC invocations=1 (full 0):
 garbage-first heap   total 253952K, used 12243K [0x0000000709c00000, 0x0000000800000000)
  region size 2048K, 2 young (4096K), 2 survivors (4096K)
 Metaspace       used 6043K, committed 6272K, reserved 1114112K
  class space    used 663K, committed 768K, reserved 1048576K
}
Event: 2.677 GC heap before
{Heap before GC invocations=1 (full 0):
 garbage-first heap   total 253952K, used 26579K [0x0000000709c00000, 0x0000000800000000)
  region size 2048K, 9 young (18432K), 2 survivors (4096K)
 Metaspace       used 8633K, committed 8832K, reserved 1114112K
  class space    used 990K, committed 1088K, reserved 1048576K
}
Event: 2.680 GC heap after
{Heap after GC invocations=2 (full 0):
 garbage-first heap   total 253952K, used 12491K [0x0000000709c00000, 0x0000000800000000)
  region size 2048K, 1 young (2048K), 1 survivors (2048K)
 Metaspace       used 8633K, committed 8832K, reserved 1114112K
  class space    used 990K, committed 1088K, reserved 1048576K
}
Event: 4.092 GC heap before
{Heap before GC invocations=2 (full 0):
 garbage-first heap   total 253952K, used 63691K [0x0000000709c00000, 0x0000000800000000)
  region size 2048K, 27 young (55296K), 1 survivors (2048K)
 Metaspace       used 20212K, committed 20608K, reserved 1114112K
  class space    used 2626K, committed 2816K, reserved 1048576K
}
Event: 4.099 GC heap after
{Heap after GC invocations=3 (full 0):
 garbage-first heap   total 253952K, used 16449K [0x0000000709c00000, 0x0000000800000000)
  region size 2048K, 3 young (6144K), 3 survivors (6144K)
 Metaspace       used 20212K, committed 20608K, reserved 1114112K
  class space    used 2626K, committed 2816K, reserved 1048576K
}
Event: 4.176 GC heap before
{Heap before GC invocations=3 (full 0):
 garbage-first heap   total 253952K, used 20545K [0x0000000709c00000, 0x0000000800000000)
  region size 2048K, 6 young (12288K), 3 survivors (6144K)
 Metaspace       used 21083K, committed 21504K, reserved 1114112K
  class space    used 2709K, committed 2944K, reserved 1048576K
}
Event: 4.180 GC heap after
{Heap after GC invocations=4 (full 0):
 garbage-first heap   total 253952K, used 16829K [0x0000000709c00000, 0x0000000800000000)
  region size 2048K, 3 young (6144K), 3 survivors (6144K)
 Metaspace       used 21083K, committed 21504K, reserved 1114112K
  class space    used 2709K, committed 2944K, reserved 1048576K
}
Event: 5.075 GC heap before
{Heap before GC invocations=5 (full 0):
 garbage-first heap   total 69632K, used 49597K [0x0000000709c00000, 0x0000000800000000)
  region size 2048K, 20 young (40960K), 3 survivors (6144K)
 Metaspace       used 24999K, committed 25408K, reserved 1114112K
  class space    used 3199K, committed 3392K, reserved 1048576K
}
Event: 5.082 GC heap after
{Heap after GC invocations=6 (full 0):
 garbage-first heap   total 69632K, used 20587K [0x0000000709c00000, 0x0000000800000000)
  region size 2048K, 5 young (10240K), 5 survivors (10240K)
 Metaspace       used 24999K, committed 25408K, reserved 1114112K
  class space    used 3199K, committed 3392K, reserved 1048576K
}
Event: 5.758 GC heap before
{Heap before GC invocations=6 (full 0):
 garbage-first heap   total 69632K, used 41067K [0x0000000709c00000, 0x0000000800000000)
  region size 2048K, 16 young (32768K), 5 survivors (10240K)
 Metaspace       used 26497K, committed 26880K, reserved 1114112K
  class space    used 3406K, committed 3584K, reserved 1048576K
}
Event: 5.766 GC heap after
{Heap after GC invocations=7 (full 0):
 garbage-first heap   total 69632K, used 22434K [0x0000000709c00000, 0x0000000800000000)
  region size 2048K, 2 young (4096K), 2 survivors (4096K)
 Metaspace       used 26497K, committed 26880K, reserved 1114112K
  class space    used 3406K, committed 3584K, reserved 1048576K
}

